<?xml version="1.0" encoding="UTF-8"?>
<!-- Generated by org.testng.reporters.JUnitReportReporter -->
<testsuite hostname="5CD110DG50" failures="0" tests="1" name="org.example.AppTest" time="0.029" errors="0" timestamp="2022-12-11T18:07:40 EET" skipped="0">
  <testcase classname="org.example.AppTest" name="testApp" time="0.029"/>
  <system-out/>
</testsuite> <!-- org.example.AppTest -->
